<?xml version="1.0" encoding="UTF-8"?>
<!-- Generated by org.testng.reporters.JUnitXMLReporter -->
<testsuite ignored="2" hostname="MRodriguezs-MBP.hsd1.co.comcast.net" failures="0" tests="1" name="Default test" time="1.983" errors="0" timestamp="2021-06-06T07:28:56 MDT">
  <testcase classname="raTests.PutPatchDeleteExamples" name="testDelete" time="1.946"/>
  <testcase classname="raTests.PutPatchDeleteExamples" name="testPatch" time="0.0">
    <ignored/>
  </testcase> <!-- testPatch -->
  <testcase classname="raTests.PutPatchDeleteExamples" name="testPut" time="0.0">
    <ignored/>
  </testcase> <!-- testPut -->
</testsuite> <!-- Default test -->
