<?xml version="1.0" encoding="UTF-8"?>
<testng-results ignored="2" total="3" passed="1" failed="0" skipped="0">
  <reporter-output>
  </reporter-output>
  <suite started-at="2021-06-06T07:28:54 MDT" name="Default suite" finished-at="2021-06-06T07:28:56 MDT" duration-ms="1983">
    <groups>
    </groups>
    <test started-at="2021-06-06T07:28:54 MDT" name="Default test" finished-at="2021-06-06T07:28:56 MDT" duration-ms="1983">
      <class name="raTests.PutPatchDeleteExamples">
        <test-method signature="testDelete()[pri:0, instance:raTests.PutPatchDeleteExamples@53aad5d5]" started-at="2021-06-06T07:28:54 MDT" name="testDelete" finished-at="2021-06-06T07:28:56 MDT" duration-ms="1946" status="PASS">
          <reporter-output>
          </reporter-output>
        </test-method> <!-- testDelete -->
      </class> <!-- raTests.PutPatchDeleteExamples -->
    </test> <!-- Default test -->
  </suite> <!-- Default suite -->
</testng-results>
